Arguments: 
  E:\node\node.exe E:\node\node_modules\node_global\node_modules\yarn\bin\yarn.js add moongse

PATH: 
  E:\Java\Java8\jdk1.8.0\bin;E:\Java\Java8\jdk1.8.0\jre\bin;C:\WINDOWS\system32;C:\WINDOWS;C:\WINDOWS\System32\Wbem;C:\WINDOWS\System32\WindowsPowerShell\v1.0\;C:\WINDOWS\System32\OpenSSH\;E:\Program Files\Git\cmd;E:\node;E:\node\node_modules\node_global;D:\Project\loongson\OperateSystem\devTools\sources\Bochs-2.6.11\bochs.exe;C:\Users\18198\AppData\Local\bin\NASM;D:\Project\loongson\OperateSystem\devTools\Bochs-2.6.11\;C:\Users\18198\AppData\Local\Microsoft\WindowsApps;C:\Users\18198\AppData\Roaming\npm;E:\Users\18198\AppData\Local\Programs\Microsoft VS Code\bin;C:\Users\18198\AppData\Local\GitHubDesktop\bin;E:\Program Files\Bandizip\;D:\Project\loongson\OperateSystem\devTools\dd-0.6beta3

Yarn version: 
  1.22.4

Node version: 
  10.16.1

Platform: 
  win32 x64

Trace: 
  Error: https://registry.npm.taobao.org/moongse: Not found
      at Request.params.callback [as _callback] (E:\node\node_modules\node_global\node_modules\yarn\lib\cli.js:66987:18)
      at Request.self.callback (E:\node\node_modules\node_global\node_modules\yarn\lib\cli.js:140748:22)
      at Request.emit (events.js:198:13)
      at Request.<anonymous> (E:\node\node_modules\node_global\node_modules\yarn\lib\cli.js:141720:10)
      at Request.emit (events.js:198:13)
      at IncomingMessage.<anonymous> (E:\node\node_modules\node_global\node_modules\yarn\lib\cli.js:141642:12)
      at Object.onceWrapper (events.js:286:20)
      at IncomingMessage.emit (events.js:203:15)
      at endReadableNT (_stream_readable.js:1145:12)
      at process._tickCallback (internal/process/next_tick.js:63:19)

npm manifest: 
  {
    "name": "solve",
    "version": "1.0.0",
    "description": "",
    "main": "index.js",
    "scripts": {
      "test": "echo \"Error: no test specified\" && exit 1"
    },
    "author": "",
    "license": "ISC"
  }

yarn manifest: 
  No manifest

Lockfile: 
  No lockfile
